<?xml version="1.0" encoding="UTF-8"?>
<testsuite xmlns:xsi="http://www.w3.org/2001/XMLSchema-instance" xsi:noNamespaceSchemaLocation="https://maven.apache.org/surefire/maven-surefire-plugin/xsd/surefire-test-report.xsd" name="com.zyq.ForZyqApplicationTests" time="5.132" tests="1" errors="0" skipped="0" failures="0">
  <properties>
    <property name="sun.desktop" value="windows"/>
    <property name="awt.toolkit" value="sun.awt.windows.WToolkit"/>
    <property name="file.encoding.pkg" value="sun.io"/>
    <property name="java.specification.version" value="1.8"/>
    <property name="sun.cpu.isalist" value="amd64"/>
    <property name="sun.jnu.encoding" value="GBK"/>
    <property name="java.class.path" value="D:\maven\workSpace01\forZYQ\target\test-classes;D:\maven\workSpace01\forZYQ\target\classes;D:\maven\RepMaven\org\springframework\boot\spring-boot-starter-web\2.6.4\spring-boot-starter-web-2.6.4.jar;D:\maven\RepMaven\org\springframework\boot\spring-boot-starter\2.6.4\spring-boot-starter-2.6.4.jar;D:\maven\RepMaven\org\springframework\boot\spring-boot\2.6.4\spring-boot-2.6.4.jar;D:\maven\RepMaven\org\springframework\boot\spring-boot-starter-logging\2.6.4\spring-boot-starter-logging-2.6.4.jar;D:\maven\RepMaven\ch\qos\logback\logback-classic\1.2.10\logback-classic-1.2.10.jar;D:\maven\RepMaven\ch\qos\logback\logback-core\1.2.10\logback-core-1.2.10.jar;D:\maven\RepMaven\org\apache\logging\log4j\log4j-to-slf4j\2.17.1\log4j-to-slf4j-2.17.1.jar;D:\maven\RepMaven\org\apache\logging\log4j\log4j-api\2.17.1\log4j-api-2.17.1.jar;D:\maven\RepMaven\org\slf4j\jul-to-slf4j\1.7.36\jul-to-slf4j-1.7.36.jar;D:\maven\RepMaven\jakarta\annotation\jakarta.annotation-api\1.3.5\jakarta.annotation-api-1.3.5.jar;D:\maven\RepMaven\org\yaml\snakeyaml\1.29\snakeyaml-1.29.jar;D:\maven\RepMaven\org\springframework\boot\spring-boot-starter-json\2.6.4\spring-boot-starter-json-2.6.4.jar;D:\maven\RepMaven\com\fasterxml\jackson\core\jackson-databind\2.13.1\jackson-databind-2.13.1.jar;D:\maven\RepMaven\com\fasterxml\jackson\core\jackson-annotations\2.13.1\jackson-annotations-2.13.1.jar;D:\maven\RepMaven\com\fasterxml\jackson\core\jackson-core\2.13.1\jackson-core-2.13.1.jar;D:\maven\RepMaven\com\fasterxml\jackson\datatype\jackson-datatype-jdk8\2.13.1\jackson-datatype-jdk8-2.13.1.jar;D:\maven\RepMaven\com\fasterxml\jackson\datatype\jackson-datatype-jsr310\2.13.1\jackson-datatype-jsr310-2.13.1.jar;D:\maven\RepMaven\com\fasterxml\jackson\module\jackson-module-parameter-names\2.13.1\jackson-module-parameter-names-2.13.1.jar;D:\maven\RepMaven\org\springframework\boot\spring-boot-starter-tomcat\2.6.4\spring-boot-starter-tomcat-2.6.4.jar;D:\maven\RepMaven\org\apache\tomcat\embed\tomcat-embed-core\9.0.58\tomcat-embed-core-9.0.58.jar;D:\maven\RepMaven\org\apache\tomcat\embed\tomcat-embed-el\9.0.58\tomcat-embed-el-9.0.58.jar;D:\maven\RepMaven\org\apache\tomcat\embed\tomcat-embed-websocket\9.0.58\tomcat-embed-websocket-9.0.58.jar;D:\maven\RepMaven\org\springframework\spring-web\5.3.16\spring-web-5.3.16.jar;D:\maven\RepMaven\org\springframework\spring-beans\5.3.16\spring-beans-5.3.16.jar;D:\maven\RepMaven\org\springframework\spring-webmvc\5.3.16\spring-webmvc-5.3.16.jar;D:\maven\RepMaven\org\springframework\spring-aop\5.3.16\spring-aop-5.3.16.jar;D:\maven\RepMaven\org\springframework\spring-context\5.3.16\spring-context-5.3.16.jar;D:\maven\RepMaven\org\springframework\spring-expression\5.3.16\spring-expression-5.3.16.jar;D:\maven\RepMaven\com\baomidou\mybatis-plus-boot-starter\3.5.1\mybatis-plus-boot-starter-3.5.1.jar;D:\maven\RepMaven\com\baomidou\mybatis-plus\3.5.1\mybatis-plus-3.5.1.jar;D:\maven\RepMaven\com\baomidou\mybatis-plus-extension\3.5.1\mybatis-plus-extension-3.5.1.jar;D:\maven\RepMaven\com\baomidou\mybatis-plus-core\3.5.1\mybatis-plus-core-3.5.1.jar;D:\maven\RepMaven\com\baomidou\mybatis-plus-annotation\3.5.1\mybatis-plus-annotation-3.5.1.jar;D:\maven\RepMaven\com\github\jsqlparser\jsqlparser\4.3\jsqlparser-4.3.jar;D:\maven\RepMaven\org\mybatis\mybatis\3.5.9\mybatis-3.5.9.jar;D:\maven\RepMaven\org\mybatis\mybatis-spring\2.0.6\mybatis-spring-2.0.6.jar;D:\maven\RepMaven\org\springframework\boot\spring-boot-autoconfigure\2.6.4\spring-boot-autoconfigure-2.6.4.jar;D:\maven\RepMaven\org\springframework\boot\spring-boot-starter-jdbc\2.6.4\spring-boot-starter-jdbc-2.6.4.jar;D:\maven\RepMaven\com\zaxxer\HikariCP\4.0.3\HikariCP-4.0.3.jar;D:\maven\RepMaven\org\springframework\spring-jdbc\5.3.16\spring-jdbc-5.3.16.jar;D:\maven\RepMaven\org\springframework\spring-tx\5.3.16\spring-tx-5.3.16.jar;D:\maven\RepMaven\com\github\xiaoymin\knife4j-spring-boot-starter\3.0.3\knife4j-spring-boot-starter-3.0.3.jar;D:\maven\RepMaven\com\github\xiaoymin\knife4j-spring-boot-autoconfigure\3.0.3\knife4j-spring-boot-autoconfigure-3.0.3.jar;D:\maven\RepMaven\com\github\xiaoymin\knife4j-spring\3.0.3\knife4j-spring-3.0.3.jar;D:\maven\RepMaven\com\github\xiaoymin\knife4j-annotations\3.0.3\knife4j-annotations-3.0.3.jar;D:\maven\RepMaven\io\swagger\swagger-annotations\1.5.22\swagger-annotations-1.5.22.jar;D:\maven\RepMaven\io\swagger\core\v3\swagger-annotations\2.1.2\swagger-annotations-2.1.2.jar;D:\maven\RepMaven\com\github\xiaoymin\knife4j-core\3.0.3\knife4j-core-3.0.3.jar;D:\maven\RepMaven\org\javassist\javassist\3.25.0-GA\javassist-3.25.0-GA.jar;D:\maven\RepMaven\io\springfox\springfox-swagger2\3.0.0\springfox-swagger2-3.0.0.jar;D:\maven\RepMaven\io\springfox\springfox-spi\3.0.0\springfox-spi-3.0.0.jar;D:\maven\RepMaven\io\springfox\springfox-schema\3.0.0\springfox-schema-3.0.0.jar;D:\maven\RepMaven\io\springfox\springfox-swagger-common\3.0.0\springfox-swagger-common-3.0.0.jar;D:\maven\RepMaven\io\springfox\springfox-spring-web\3.0.0\springfox-spring-web-3.0.0.jar;D:\maven\RepMaven\io\github\classgraph\classgraph\4.8.83\classgraph-4.8.83.jar;D:\maven\RepMaven\io\springfox\springfox-spring-webflux\3.0.0\springfox-spring-webflux-3.0.0.jar;D:\maven\RepMaven\org\mapstruct\mapstruct\1.3.1.Final\mapstruct-1.3.1.Final.jar;D:\maven\RepMaven\io\springfox\springfox-spring-webmvc\3.0.0\springfox-spring-webmvc-3.0.0.jar;D:\maven\RepMaven\io\springfox\springfox-core\3.0.0\springfox-core-3.0.0.jar;D:\maven\RepMaven\io\springfox\springfox-oas\3.0.0\springfox-oas-3.0.0.jar;D:\maven\RepMaven\io\swagger\core\v3\swagger-models\2.1.2\swagger-models-2.1.2.jar;D:\maven\RepMaven\io\springfox\springfox-bean-validators\3.0.0\springfox-bean-validators-3.0.0.jar;D:\maven\RepMaven\io\swagger\swagger-models\1.5.22\swagger-models-1.5.22.jar;D:\maven\RepMaven\io\swagger\swagger-core\1.5.22\swagger-core-1.5.22.jar;D:\maven\RepMaven\org\apache\commons\commons-lang3\3.12.0\commons-lang3-3.12.0.jar;D:\maven\RepMaven\com\fasterxml\jackson\dataformat\jackson-dataformat-yaml\2.13.1\jackson-dataformat-yaml-2.13.1.jar;D:\maven\RepMaven\com\google\guava\guava\27.0.1-android\guava-27.0.1-android.jar;D:\maven\RepMaven\com\google\guava\failureaccess\1.0.1\failureaccess-1.0.1.jar;D:\maven\RepMaven\com\google\guava\listenablefuture\9999.0-empty-to-avoid-conflict-with-guava\listenablefuture-9999.0-empty-to-avoid-conflict-with-guava.jar;D:\maven\RepMaven\com\google\code\findbugs\jsr305\3.0.2\jsr305-3.0.2.jar;D:\maven\RepMaven\org\checkerframework\checker-compat-qual\2.5.2\checker-compat-qual-2.5.2.jar;D:\maven\RepMaven\com\google\errorprone\error_prone_annotations\2.2.0\error_prone_annotations-2.2.0.jar;D:\maven\RepMaven\com\google\j2objc\j2objc-annotations\1.1\j2objc-annotations-1.1.jar;D:\maven\RepMaven\org\codehaus\mojo\animal-sniffer-annotations\1.17\animal-sniffer-annotations-1.17.jar;D:\maven\RepMaven\javax\validation\validation-api\2.0.1.Final\validation-api-2.0.1.Final.jar;D:\maven\RepMaven\io\springfox\springfox-boot-starter\3.0.0\springfox-boot-starter-3.0.0.jar;D:\maven\RepMaven\io\springfox\springfox-data-rest\3.0.0\springfox-data-rest-3.0.0.jar;D:\maven\RepMaven\com\fasterxml\classmate\1.5.1\classmate-1.5.1.jar;D:\maven\RepMaven\org\springframework\plugin\spring-plugin-core\2.0.0.RELEASE\spring-plugin-core-2.0.0.RELEASE.jar;D:\maven\RepMaven\org\springframework\plugin\spring-plugin-metadata\2.0.0.RELEASE\spring-plugin-metadata-2.0.0.RELEASE.jar;D:\maven\RepMaven\com\github\xiaoymin\knife4j-spring-ui\3.0.3\knife4j-spring-ui-3.0.3.jar;D:\maven\RepMaven\mysql\mysql-connector-java\8.0.28\mysql-connector-java-8.0.28.jar;D:\maven\RepMaven\org\projectlombok\lombok\1.18.22\lombok-1.18.22.jar;D:\maven\RepMaven\org\springframework\boot\spring-boot-starter-test\2.6.4\spring-boot-starter-test-2.6.4.jar;D:\maven\RepMaven\org\springframework\boot\spring-boot-test\2.6.4\spring-boot-test-2.6.4.jar;D:\maven\RepMaven\org\springframework\boot\spring-boot-test-autoconfigure\2.6.4\spring-boot-test-autoconfigure-2.6.4.jar;D:\maven\RepMaven\com\jayway\jsonpath\json-path\2.6.0\json-path-2.6.0.jar;D:\maven\RepMaven\net\minidev\json-smart\2.4.8\json-smart-2.4.8.jar;D:\maven\RepMaven\net\minidev\accessors-smart\2.4.8\accessors-smart-2.4.8.jar;D:\maven\RepMaven\org\ow2\asm\asm\9.1\asm-9.1.jar;D:\maven\RepMaven\org\slf4j\slf4j-api\1.7.36\slf4j-api-1.7.36.jar;D:\maven\RepMaven\jakarta\xml\bind\jakarta.xml.bind-api\2.3.3\jakarta.xml.bind-api-2.3.3.jar;D:\maven\RepMaven\jakarta\activation\jakarta.activation-api\1.2.2\jakarta.activation-api-1.2.2.jar;D:\maven\RepMaven\org\assertj\assertj-core\3.21.0\assertj-core-3.21.0.jar;D:\maven\RepMaven\org\hamcrest\hamcrest\2.2\hamcrest-2.2.jar;D:\maven\RepMaven\org\junit\jupiter\junit-jupiter\5.8.2\junit-jupiter-5.8.2.jar;D:\maven\RepMaven\org\junit\jupiter\junit-jupiter-api\5.8.2\junit-jupiter-api-5.8.2.jar;D:\maven\RepMaven\org\opentest4j\opentest4j\1.2.0\opentest4j-1.2.0.jar;D:\maven\RepMaven\org\junit\platform\junit-platform-commons\1.8.2\junit-platform-commons-1.8.2.jar;D:\maven\RepMaven\org\apiguardian\apiguardian-api\1.1.2\apiguardian-api-1.1.2.jar;D:\maven\RepMaven\org\junit\jupiter\junit-jupiter-params\5.8.2\junit-jupiter-params-5.8.2.jar;D:\maven\RepMaven\org\junit\jupiter\junit-jupiter-engine\5.8.2\junit-jupiter-engine-5.8.2.jar;D:\maven\RepMaven\org\junit\platform\junit-platform-engine\1.8.2\junit-platform-engine-1.8.2.jar;D:\maven\RepMaven\org\mockito\mockito-core\4.0.0\mockito-core-4.0.0.jar;D:\maven\RepMaven\net\bytebuddy\byte-buddy\1.11.22\byte-buddy-1.11.22.jar;D:\maven\RepMaven\net\bytebuddy\byte-buddy-agent\1.11.22\byte-buddy-agent-1.11.22.jar;D:\maven\RepMaven\org\objenesis\objenesis\3.2\objenesis-3.2.jar;D:\maven\RepMaven\org\mockito\mockito-junit-jupiter\4.0.0\mockito-junit-jupiter-4.0.0.jar;D:\maven\RepMaven\org\skyscreamer\jsonassert\1.5.0\jsonassert-1.5.0.jar;D:\maven\RepMaven\com\vaadin\external\google\android-json\0.0.20131108.vaadin1\android-json-0.0.20131108.vaadin1.jar;D:\maven\RepMaven\org\springframework\spring-core\5.3.16\spring-core-5.3.16.jar;D:\maven\RepMaven\org\springframework\spring-jcl\5.3.16\spring-jcl-5.3.16.jar;D:\maven\RepMaven\org\springframework\spring-test\5.3.16\spring-test-5.3.16.jar;D:\maven\RepMaven\org\xmlunit\xmlunit-core\2.8.4\xmlunit-core-2.8.4.jar;"/>
    <property name="java.vm.vendor" value="Oracle Corporation"/>
    <property name="sun.arch.data.model" value="64"/>
    <property name="user.variant" value=""/>
    <property name="java.vendor.url" value="http://java.oracle.com/"/>
    <property name="user.timezone" value="Asia/Shanghai"/>
    <property name="java.vm.specification.version" value="1.8"/>
    <property name="os.name" value="Windows 10"/>
    <property name="user.country" value="CN"/>
    <property name="sun.java.launcher" value="SUN_STANDARD"/>
    <property name="sun.boot.library.path" value="D:\java jdk\jre\bin"/>
    <property name="sun.java.command" value="C:\Users\荼毘\AppData\Local\Temp\surefire7158882643780194748\surefirebooter6395697491113928561.jar C:\Users\荼毘\AppData\Local\Temp\surefire7158882643780194748 2022-03-13T21-55-12_674-jvmRun1 surefire7465729666933479914tmp surefire_08845869049627579887tmp"/>
    <property name="surefire.test.class.path" value="D:\maven\workSpace01\forZYQ\target\test-classes;D:\maven\workSpace01\forZYQ\target\classes;D:\maven\RepMaven\org\springframework\boot\spring-boot-starter-web\2.6.4\spring-boot-starter-web-2.6.4.jar;D:\maven\RepMaven\org\springframework\boot\spring-boot-starter\2.6.4\spring-boot-starter-2.6.4.jar;D:\maven\RepMaven\org\springframework\boot\spring-boot\2.6.4\spring-boot-2.6.4.jar;D:\maven\RepMaven\org\springframework\boot\spring-boot-starter-logging\2.6.4\spring-boot-starter-logging-2.6.4.jar;D:\maven\RepMaven\ch\qos\logback\logback-classic\1.2.10\logback-classic-1.2.10.jar;D:\maven\RepMaven\ch\qos\logback\logback-core\1.2.10\logback-core-1.2.10.jar;D:\maven\RepMaven\org\apache\logging\log4j\log4j-to-slf4j\2.17.1\log4j-to-slf4j-2.17.1.jar;D:\maven\RepMaven\org\apache\logging\log4j\log4j-api\2.17.1\log4j-api-2.17.1.jar;D:\maven\RepMaven\org\slf4j\jul-to-slf4j\1.7.36\jul-to-slf4j-1.7.36.jar;D:\maven\RepMaven\jakarta\annotation\jakarta.annotation-api\1.3.5\jakarta.annotation-api-1.3.5.jar;D:\maven\RepMaven\org\yaml\snakeyaml\1.29\snakeyaml-1.29.jar;D:\maven\RepMaven\org\springframework\boot\spring-boot-starter-json\2.6.4\spring-boot-starter-json-2.6.4.jar;D:\maven\RepMaven\com\fasterxml\jackson\core\jackson-databind\2.13.1\jackson-databind-2.13.1.jar;D:\maven\RepMaven\com\fasterxml\jackson\core\jackson-annotations\2.13.1\jackson-annotations-2.13.1.jar;D:\maven\RepMaven\com\fasterxml\jackson\core\jackson-core\2.13.1\jackson-core-2.13.1.jar;D:\maven\RepMaven\com\fasterxml\jackson\datatype\jackson-datatype-jdk8\2.13.1\jackson-datatype-jdk8-2.13.1.jar;D:\maven\RepMaven\com\fasterxml\jackson\datatype\jackson-datatype-jsr310\2.13.1\jackson-datatype-jsr310-2.13.1.jar;D:\maven\RepMaven\com\fasterxml\jackson\module\jackson-module-parameter-names\2.13.1\jackson-module-parameter-names-2.13.1.jar;D:\maven\RepMaven\org\springframework\boot\spring-boot-starter-tomcat\2.6.4\spring-boot-starter-tomcat-2.6.4.jar;D:\maven\RepMaven\org\apache\tomcat\embed\tomcat-embed-core\9.0.58\tomcat-embed-core-9.0.58.jar;D:\maven\RepMaven\org\apache\tomcat\embed\tomcat-embed-el\9.0.58\tomcat-embed-el-9.0.58.jar;D:\maven\RepMaven\org\apache\tomcat\embed\tomcat-embed-websocket\9.0.58\tomcat-embed-websocket-9.0.58.jar;D:\maven\RepMaven\org\springframework\spring-web\5.3.16\spring-web-5.3.16.jar;D:\maven\RepMaven\org\springframework\spring-beans\5.3.16\spring-beans-5.3.16.jar;D:\maven\RepMaven\org\springframework\spring-webmvc\5.3.16\spring-webmvc-5.3.16.jar;D:\maven\RepMaven\org\springframework\spring-aop\5.3.16\spring-aop-5.3.16.jar;D:\maven\RepMaven\org\springframework\spring-context\5.3.16\spring-context-5.3.16.jar;D:\maven\RepMaven\org\springframework\spring-expression\5.3.16\spring-expression-5.3.16.jar;D:\maven\RepMaven\com\baomidou\mybatis-plus-boot-starter\3.5.1\mybatis-plus-boot-starter-3.5.1.jar;D:\maven\RepMaven\com\baomidou\mybatis-plus\3.5.1\mybatis-plus-3.5.1.jar;D:\maven\RepMaven\com\baomidou\mybatis-plus-extension\3.5.1\mybatis-plus-extension-3.5.1.jar;D:\maven\RepMaven\com\baomidou\mybatis-plus-core\3.5.1\mybatis-plus-core-3.5.1.jar;D:\maven\RepMaven\com\baomidou\mybatis-plus-annotation\3.5.1\mybatis-plus-annotation-3.5.1.jar;D:\maven\RepMaven\com\github\jsqlparser\jsqlparser\4.3\jsqlparser-4.3.jar;D:\maven\RepMaven\org\mybatis\mybatis\3.5.9\mybatis-3.5.9.jar;D:\maven\RepMaven\org\mybatis\mybatis-spring\2.0.6\mybatis-spring-2.0.6.jar;D:\maven\RepMaven\org\springframework\boot\spring-boot-autoconfigure\2.6.4\spring-boot-autoconfigure-2.6.4.jar;D:\maven\RepMaven\org\springframework\boot\spring-boot-starter-jdbc\2.6.4\spring-boot-starter-jdbc-2.6.4.jar;D:\maven\RepMaven\com\zaxxer\HikariCP\4.0.3\HikariCP-4.0.3.jar;D:\maven\RepMaven\org\springframework\spring-jdbc\5.3.16\spring-jdbc-5.3.16.jar;D:\maven\RepMaven\org\springframework\spring-tx\5.3.16\spring-tx-5.3.16.jar;D:\maven\RepMaven\com\github\xiaoymin\knife4j-spring-boot-starter\3.0.3\knife4j-spring-boot-starter-3.0.3.jar;D:\maven\RepMaven\com\github\xiaoymin\knife4j-spring-boot-autoconfigure\3.0.3\knife4j-spring-boot-autoconfigure-3.0.3.jar;D:\maven\RepMaven\com\github\xiaoymin\knife4j-spring\3.0.3\knife4j-spring-3.0.3.jar;D:\maven\RepMaven\com\github\xiaoymin\knife4j-annotations\3.0.3\knife4j-annotations-3.0.3.jar;D:\maven\RepMaven\io\swagger\swagger-annotations\1.5.22\swagger-annotations-1.5.22.jar;D:\maven\RepMaven\io\swagger\core\v3\swagger-annotations\2.1.2\swagger-annotations-2.1.2.jar;D:\maven\RepMaven\com\github\xiaoymin\knife4j-core\3.0.3\knife4j-core-3.0.3.jar;D:\maven\RepMaven\org\javassist\javassist\3.25.0-GA\javassist-3.25.0-GA.jar;D:\maven\RepMaven\io\springfox\springfox-swagger2\3.0.0\springfox-swagger2-3.0.0.jar;D:\maven\RepMaven\io\springfox\springfox-spi\3.0.0\springfox-spi-3.0.0.jar;D:\maven\RepMaven\io\springfox\springfox-schema\3.0.0\springfox-schema-3.0.0.jar;D:\maven\RepMaven\io\springfox\springfox-swagger-common\3.0.0\springfox-swagger-common-3.0.0.jar;D:\maven\RepMaven\io\springfox\springfox-spring-web\3.0.0\springfox-spring-web-3.0.0.jar;D:\maven\RepMaven\io\github\classgraph\classgraph\4.8.83\classgraph-4.8.83.jar;D:\maven\RepMaven\io\springfox\springfox-spring-webflux\3.0.0\springfox-spring-webflux-3.0.0.jar;D:\maven\RepMaven\org\mapstruct\mapstruct\1.3.1.Final\mapstruct-1.3.1.Final.jar;D:\maven\RepMaven\io\springfox\springfox-spring-webmvc\3.0.0\springfox-spring-webmvc-3.0.0.jar;D:\maven\RepMaven\io\springfox\springfox-core\3.0.0\springfox-core-3.0.0.jar;D:\maven\RepMaven\io\springfox\springfox-oas\3.0.0\springfox-oas-3.0.0.jar;D:\maven\RepMaven\io\swagger\core\v3\swagger-models\2.1.2\swagger-models-2.1.2.jar;D:\maven\RepMaven\io\springfox\springfox-bean-validators\3.0.0\springfox-bean-validators-3.0.0.jar;D:\maven\RepMaven\io\swagger\swagger-models\1.5.22\swagger-models-1.5.22.jar;D:\maven\RepMaven\io\swagger\swagger-core\1.5.22\swagger-core-1.5.22.jar;D:\maven\RepMaven\org\apache\commons\commons-lang3\3.12.0\commons-lang3-3.12.0.jar;D:\maven\RepMaven\com\fasterxml\jackson\dataformat\jackson-dataformat-yaml\2.13.1\jackson-dataformat-yaml-2.13.1.jar;D:\maven\RepMaven\com\google\guava\guava\27.0.1-android\guava-27.0.1-android.jar;D:\maven\RepMaven\com\google\guava\failureaccess\1.0.1\failureaccess-1.0.1.jar;D:\maven\RepMaven\com\google\guava\listenablefuture\9999.0-empty-to-avoid-conflict-with-guava\listenablefuture-9999.0-empty-to-avoid-conflict-with-guava.jar;D:\maven\RepMaven\com\google\code\findbugs\jsr305\3.0.2\jsr305-3.0.2.jar;D:\maven\RepMaven\org\checkerframework\checker-compat-qual\2.5.2\checker-compat-qual-2.5.2.jar;D:\maven\RepMaven\com\google\errorprone\error_prone_annotations\2.2.0\error_prone_annotations-2.2.0.jar;D:\maven\RepMaven\com\google\j2objc\j2objc-annotations\1.1\j2objc-annotations-1.1.jar;D:\maven\RepMaven\org\codehaus\mojo\animal-sniffer-annotations\1.17\animal-sniffer-annotations-1.17.jar;D:\maven\RepMaven\javax\validation\validation-api\2.0.1.Final\validation-api-2.0.1.Final.jar;D:\maven\RepMaven\io\springfox\springfox-boot-starter\3.0.0\springfox-boot-starter-3.0.0.jar;D:\maven\RepMaven\io\springfox\springfox-data-rest\3.0.0\springfox-data-rest-3.0.0.jar;D:\maven\RepMaven\com\fasterxml\classmate\1.5.1\classmate-1.5.1.jar;D:\maven\RepMaven\org\springframework\plugin\spring-plugin-core\2.0.0.RELEASE\spring-plugin-core-2.0.0.RELEASE.jar;D:\maven\RepMaven\org\springframework\plugin\spring-plugin-metadata\2.0.0.RELEASE\spring-plugin-metadata-2.0.0.RELEASE.jar;D:\maven\RepMaven\com\github\xiaoymin\knife4j-spring-ui\3.0.3\knife4j-spring-ui-3.0.3.jar;D:\maven\RepMaven\mysql\mysql-connector-java\8.0.28\mysql-connector-java-8.0.28.jar;D:\maven\RepMaven\org\projectlombok\lombok\1.18.22\lombok-1.18.22.jar;D:\maven\RepMaven\org\springframework\boot\spring-boot-starter-test\2.6.4\spring-boot-starter-test-2.6.4.jar;D:\maven\RepMaven\org\springframework\boot\spring-boot-test\2.6.4\spring-boot-test-2.6.4.jar;D:\maven\RepMaven\org\springframework\boot\spring-boot-test-autoconfigure\2.6.4\spring-boot-test-autoconfigure-2.6.4.jar;D:\maven\RepMaven\com\jayway\jsonpath\json-path\2.6.0\json-path-2.6.0.jar;D:\maven\RepMaven\net\minidev\json-smart\2.4.8\json-smart-2.4.8.jar;D:\maven\RepMaven\net\minidev\accessors-smart\2.4.8\accessors-smart-2.4.8.jar;D:\maven\RepMaven\org\ow2\asm\asm\9.1\asm-9.1.jar;D:\maven\RepMaven\org\slf4j\slf4j-api\1.7.36\slf4j-api-1.7.36.jar;D:\maven\RepMaven\jakarta\xml\bind\jakarta.xml.bind-api\2.3.3\jakarta.xml.bind-api-2.3.3.jar;D:\maven\RepMaven\jakarta\activation\jakarta.activation-api\1.2.2\jakarta.activation-api-1.2.2.jar;D:\maven\RepMaven\org\assertj\assertj-core\3.21.0\assertj-core-3.21.0.jar;D:\maven\RepMaven\org\hamcrest\hamcrest\2.2\hamcrest-2.2.jar;D:\maven\RepMaven\org\junit\jupiter\junit-jupiter\5.8.2\junit-jupiter-5.8.2.jar;D:\maven\RepMaven\org\junit\jupiter\junit-jupiter-api\5.8.2\junit-jupiter-api-5.8.2.jar;D:\maven\RepMaven\org\opentest4j\opentest4j\1.2.0\opentest4j-1.2.0.jar;D:\maven\RepMaven\org\junit\platform\junit-platform-commons\1.8.2\junit-platform-commons-1.8.2.jar;D:\maven\RepMaven\org\apiguardian\apiguardian-api\1.1.2\apiguardian-api-1.1.2.jar;D:\maven\RepMaven\org\junit\jupiter\junit-jupiter-params\5.8.2\junit-jupiter-params-5.8.2.jar;D:\maven\RepMaven\org\junit\jupiter\junit-jupiter-engine\5.8.2\junit-jupiter-engine-5.8.2.jar;D:\maven\RepMaven\org\junit\platform\junit-platform-engine\1.8.2\junit-platform-engine-1.8.2.jar;D:\maven\RepMaven\org\mockito\mockito-core\4.0.0\mockito-core-4.0.0.jar;D:\maven\RepMaven\net\bytebuddy\byte-buddy\1.11.22\byte-buddy-1.11.22.jar;D:\maven\RepMaven\net\bytebuddy\byte-buddy-agent\1.11.22\byte-buddy-agent-1.11.22.jar;D:\maven\RepMaven\org\objenesis\objenesis\3.2\objenesis-3.2.jar;D:\maven\RepMaven\org\mockito\mockito-junit-jupiter\4.0.0\mockito-junit-jupiter-4.0.0.jar;D:\maven\RepMaven\org\skyscreamer\jsonassert\1.5.0\jsonassert-1.5.0.jar;D:\maven\RepMaven\com\vaadin\external\google\android-json\0.0.20131108.vaadin1\android-json-0.0.20131108.vaadin1.jar;D:\maven\RepMaven\org\springframework\spring-core\5.3.16\spring-core-5.3.16.jar;D:\maven\RepMaven\org\springframework\spring-jcl\5.3.16\spring-jcl-5.3.16.jar;D:\maven\RepMaven\org\springframework\spring-test\5.3.16\spring-test-5.3.16.jar;D:\maven\RepMaven\org\xmlunit\xmlunit-core\2.8.4\xmlunit-core-2.8.4.jar;"/>
    <property name="sun.cpu.endian" value="little"/>
    <property name="user.home" value="C:\Users\荼毘"/>
    <property name="user.language" value="zh"/>
    <property name="java.specification.vendor" value="Oracle Corporation"/>
    <property name="java.home" value="D:\java jdk\jre"/>
    <property name="basedir" value="D:\maven\workSpace01\forZYQ"/>
    <property name="file.separator" value="\"/>
    <property name="line.separator" value="&#10;"/>
    <property name="java.vm.specification.vendor" value="Oracle Corporation"/>
    <property name="java.specification.name" value="Java Platform API Specification"/>
    <property name="java.awt.graphicsenv" value="sun.awt.Win32GraphicsEnvironment"/>
    <property name="surefire.real.class.path" value="C:\Users\荼毘\AppData\Local\Temp\surefire7158882643780194748\surefirebooter6395697491113928561.jar"/>
    <property name="sun.boot.class.path" value="D:\java jdk\jre\lib\resources.jar;D:\java jdk\jre\lib\rt.jar;D:\java jdk\jre\lib\sunrsasign.jar;D:\java jdk\jre\lib\jsse.jar;D:\java jdk\jre\lib\jce.jar;D:\java jdk\jre\lib\charsets.jar;D:\java jdk\jre\lib\jfr.jar;D:\java jdk\jre\classes"/>
    <property name="user.script" value=""/>
    <property name="sun.management.compiler" value="HotSpot 64-Bit Tiered Compilers"/>
    <property name="java.runtime.version" value="1.8.0_191-b12"/>
    <property name="user.name" value="荼毘"/>
    <property name="path.separator" value=";"/>
    <property name="os.version" value="10.0"/>
    <property name="java.endorsed.dirs" value="D:\java jdk\jre\lib\endorsed"/>
    <property name="java.runtime.name" value="Java(TM) SE Runtime Environment"/>
    <property name="file.encoding" value="GBK"/>
    <property name="java.vm.name" value="Java HotSpot(TM) 64-Bit Server VM"/>
    <property name="localRepository" value="D:\maven\RepMaven"/>
    <property name="java.vendor.url.bug" value="http://bugreport.sun.com/bugreport/"/>
    <property name="java.io.tmpdir" value="C:\Users\荼毘\AppData\Local\Temp\"/>
    <property name="idea.version" value="2021.3.2"/>
    <property name="java.version" value="1.8.0_191"/>
    <property name="user.dir" value="D:\maven\workSpace01\forZYQ"/>
    <property name="os.arch" value="amd64"/>
    <property name="java.vm.specification.name" value="Java Virtual Machine Specification"/>
    <property name="java.awt.printerjob" value="sun.awt.windows.WPrinterJob"/>
    <property name="sun.os.patch.level" value=""/>
    <property name="java.library.path" value="D:\java jdk\jre\bin;C:\WINDOWS\Sun\Java\bin;C:\WINDOWS\system32;C:\WINDOWS;&quot;D:\Program Files\MySQL\MySQL Server 5.5\bin;C:\Program Files (x86)\Common Files\Oracle\Java\javapath&quot;;C:\Windows\system32;C:\Windows;C:\Windows\System32\Wbem;C:\Windows\System32\WindowsPowerShell\v1.0\;C:\Windows\System32\OpenSSH\;C:\Program Files (x86)\NVIDIA Corporation\PhysX\Common;C:\Program Files\NVIDIA Corporation\NVIDIA NvDLISR;D:\Matlab\app\runtime\win64;D:\Matlab\app\bin;D:\Matlab\app\polyspace\bin;%QUARTUS_ROOTDIR%\bin;C:\WINDOWS\system32;C:\WINDOWS;C:\WINDOWS\System32\Wbem;C:\WINDOWS\System32\WindowsPowerShell\v1.0\;C:\WINDOWS\System32\OpenSSH\;D:\maven\apache-maven-3.6.1\bin;D:\MySQL\software\bin;D:\Xshell\;D:\Xftp\;D:\vscode\MinGW\bin;D:\git\Git\cmd;D:\Python\Scripts\;D:\Python\;D:\java jdk\bin;C:\Program Files (x86)\Common Files\Oracle\Java\javapath;C:\Windows\system32;C:\Windows;C:\Windows\System32\Wbem;C:\Windows\System32\WindowsPowerShell\v1.0\;C:\Windows\System32\OpenSSH\;C:\Program Files (x86)\NVIDIA Corporation\PhysX\Common;C:\Program Files\NVIDIA Corporation\NVIDIA NvDLISR;C:\Users\荼毘\AppData\Local\Microsoft\WindowsApps;D:\ffmpeg\ffmpeg-4.3.2-2021-02-27-essentials_build\bin;D:\vscode\Microsoft VS Code\bin;."/>
    <property name="java.vm.info" value="mixed mode"/>
    <property name="java.vendor" value="Oracle Corporation"/>
    <property name="java.vm.version" value="25.191-b12"/>
    <property name="java.ext.dirs" value="D:\java jdk\jre\lib\ext;C:\WINDOWS\Sun\Java\lib\ext"/>
    <property name="sun.io.unicode.encoding" value="UnicodeLittle"/>
    <property name="java.class.version" value="52.0"/>
  </properties>
  <testcase name="contextLoads" classname="com.zyq.ForZyqApplicationTests" time="0.247"/>
</testsuite>